Start testing: Mar 28 00:46 CET
----------------------------------------------------------
1/1 Testing: helloworld-Runner
1/1 Test: helloworld-Runner
Command: "/home/mali/Desktop/Cyber System/Gitlab-Repo/2024-group-08/A5-Example/build/helloworld-Runner"
Directory: /home/mali/Desktop/Cyber System/Gitlab-Repo/2024-group-08/A5-Example/build
"helloworld-Runner" start time: Mar 28 00:46 CET
Output:
----------------------------------------------------------
===============================================================================
All tests passed (5 assertions in 1 test case)

<end of output>
Test time =   0.00 sec
----------------------------------------------------------
Test Passed.
"helloworld-Runner" end time: Mar 28 00:46 CET
"helloworld-Runner" time elapsed: 00:00:00
----------------------------------------------------------

End testing: Mar 28 00:46 CET
